<?xml version="1.0" encoding="UTF-8"?>
<!-- Generated by org.testng.reporters.JUnitReportReporter -->
<testsuite hostname="DESKTOP-SJ47BRU" failures="0" tests="3" name="Test.getPostRequestTest" time="4.995" errors="0" timestamp="2020-12-25T12:08:05 IST" skipped="0">
  <testcase classname="Test.getPostRequestTest" name="test1" time="3.423"/>
  <system-out/>
  <testcase classname="Test.getPostRequestTest" name="test2" time="0.302"/>
  <system-out/>
  <testcase classname="Test.getPostRequestTest" name="test3" time="1.270"/>
  <system-out/>
</testsuite> <!-- Test.getPostRequestTest -->
